Performing C SOURCE FILE Test CMAKE_HAVE_LIBC_PTHREAD failed with the following output:
Change Dir: /home/giacomo/minauto/cmake-build-debug/CMakeFiles/CMakeTmp

Run Build Command(s):/usr/bin/gmake cmTC_18abd/fast && /usr/bin/gmake -f CMakeFiles/cmTC_18abd.dir/build.make CMakeFiles/cmTC_18abd.dir/build
gmake[1]: ingresso nella directory «/home/giacomo/minauto/cmake-build-debug/CMakeFiles/CMakeTmp»
Building C object CMakeFiles/cmTC_18abd.dir/src.c.o
/usr/bin/cc   -DCMAKE_HAVE_LIBC_PTHREAD   -o CMakeFiles/cmTC_18abd.dir/src.c.o   -c /home/giacomo/minauto/cmake-build-debug/CMakeFiles/CMakeTmp/src.c
Linking C executable cmTC_18abd
/usr/bin/cmake -E cmake_link_script CMakeFiles/cmTC_18abd.dir/link.txt --verbose=1
/usr/bin/cc  -DCMAKE_HAVE_LIBC_PTHREAD    CMakeFiles/cmTC_18abd.dir/src.c.o  -o cmTC_18abd 
/usr/bin/ld: CMakeFiles/cmTC_18abd.dir/src.c.o: in function `main':
src.c:(.text+0x46): undefined reference to `pthread_create'
/usr/bin/ld: src.c:(.text+0x52): undefined reference to `pthread_detach'
/usr/bin/ld: src.c:(.text+0x63): undefined reference to `pthread_join'
collect2: error: ld returned 1 exit status
gmake[1]: *** [CMakeFiles/cmTC_18abd.dir/build.make:87: cmTC_18abd] Errore 1
gmake[1]: uscita dalla directory «/home/giacomo/minauto/cmake-build-debug/CMakeFiles/CMakeTmp»
gmake: *** [Makefile:121: cmTC_18abd/fast] Errore 2


Source file was:
#include <pthread.h>

void* test_func(void* data)
{
  return data;
}

int main(void)
{
  pthread_t thread;
  pthread_create(&thread, NULL, test_func, NULL);
  pthread_detach(thread);
  pthread_join(thread, NULL);
  pthread_atfork(NULL, NULL, NULL);
  pthread_exit(NULL);

  return 0;
}

Determining if the function pthread_create exists in the pthreads failed with the following output:
Change Dir: /home/giacomo/minauto/cmake-build-debug/CMakeFiles/CMakeTmp

Run Build Command(s):/usr/bin/gmake cmTC_00048/fast && /usr/bin/gmake -f CMakeFiles/cmTC_00048.dir/build.make CMakeFiles/cmTC_00048.dir/build
gmake[1]: ingresso nella directory «/home/giacomo/minauto/cmake-build-debug/CMakeFiles/CMakeTmp»
Building C object CMakeFiles/cmTC_00048.dir/CheckFunctionExists.c.o
/usr/bin/cc   -DCHECK_FUNCTION_EXISTS=pthread_create   -o CMakeFiles/cmTC_00048.dir/CheckFunctionExists.c.o   -c /usr/share/cmake-3.16/Modules/CheckFunctionExists.c
Linking C executable cmTC_00048
/usr/bin/cmake -E cmake_link_script CMakeFiles/cmTC_00048.dir/link.txt --verbose=1
/usr/bin/cc  -DCHECK_FUNCTION_EXISTS=pthread_create    CMakeFiles/cmTC_00048.dir/CheckFunctionExists.c.o  -o cmTC_00048  -lpthreads 
/usr/bin/ld: impossibile trovare -lpthreads
collect2: error: ld returned 1 exit status
gmake[1]: *** [CMakeFiles/cmTC_00048.dir/build.make:87: cmTC_00048] Errore 1
gmake[1]: uscita dalla directory «/home/giacomo/minauto/cmake-build-debug/CMakeFiles/CMakeTmp»
gmake: *** [Makefile:121: cmTC_00048/fast] Errore 2



